<?xml version="1.0" encoding="UTF-8"?>
<!-- Generated by org.testng.reporters.JUnitReportReporter -->
<testsuite hostname="DESKTOP-KNJSM01" failures="0" tests="4" name="tests.automationpractice.SigninPageTests" time="71.755" errors="0" timestamp="29 jun. 2021 13:07:47 GMT" skipped="0">
  <testcase classname="tests.automationpractice.SigninPageTests" name="createAccountWithRightEmail" time="29.050"/>
  <testcase classname="tests.automationpractice.SigninPageTests" name="elementsPresent" time="11.965"/>
  <testcase classname="tests.automationpractice.SigninPageTests" name="createAccountWithWrongEmail" time="15.727"/>
  <testcase classname="tests.automationpractice.SigninPageTests" name="createAccountWithoutEmail" time="15.013"/>
</testsuite> <!-- tests.automationpractice.SigninPageTests -->
