<?xml version="1.0" encoding="UTF-8"?>
<!-- Generated by org.testng.reporters.JUnitReportReporter -->
<testsuite hostname="DESKTOP-KNJSM01" failures="0" tests="3" name="tests.automationpractice.HomePageTests" time="46.194" errors="0" timestamp="29 jun. 2021 14:59:02 GMT" skipped="0">
  <testcase classname="tests.automationpractice.HomePageTests" name="pressButtonSigninSuccess" time="11.203"/>
  <testcase classname="tests.automationpractice.HomePageTests" name="elementsPresent" time="22.946"/>
  <testcase classname="tests.automationpractice.HomePageTests" name="searchSuccess" time="12.045"/>
</testsuite> <!-- tests.automationpractice.HomePageTests -->
