<?xml version="1.0" encoding="UTF-8"?>
<!-- Generated by org.testng.reporters.JUnitReportReporter -->
<testsuite hostname="DESKTOP-KNJSM01" failures="0" tests="4" name="tests.automationpractice.RegisterPageTests" time="199.224" errors="0" timestamp="29 jun. 2021 13:07:47 GMT" skipped="0">
  <testcase classname="tests.automationpractice.RegisterPageTests" name="registerWithInvalidFieldValue" time="39.829"/>
  <testcase classname="tests.automationpractice.RegisterPageTests" name="elementsPresent" time="79.257"/>
  <testcase classname="tests.automationpractice.RegisterPageTests" name="registerWithFieldEmpty" time="35.647"/>
  <testcase classname="tests.automationpractice.RegisterPageTests" name="registerWithValidFieldValue" time="44.491"/>
</testsuite> <!-- tests.automationpractice.RegisterPageTests -->
